<?xml version="1.0" encoding="UTF-8"?>
<testng-results ignored="0" total="2" passed="2" failed="0" skipped="0">
  <reporter-output>
  </reporter-output>
  <suite started-at="2021-11-17T22:51:54 EST" name="Default suite" finished-at="2021-11-17T22:51:57 EST" duration-ms="2139">
    <groups>
    </groups>
    <test started-at="2021-11-17T22:51:54 EST" name="Default test" finished-at="2021-11-17T22:51:57 EST" duration-ms="2139">
      <class name="APITest.APITest">
        <test-method signature="GetAPI_test()[pri:0, instance:APITest.APITest@3c947bc5]" started-at="2021-11-17T22:51:55 EST" name="GetAPI_test" finished-at="2021-11-17T22:51:56 EST" duration-ms="1747" status="PASS">
          <reporter-output>
          </reporter-output>
        </test-method> <!-- GetAPI_test -->
        <test-method signature="PostAPI_test()[pri:0, instance:APITest.APITest@3c947bc5]" started-at="2021-11-17T22:51:56 EST" name="PostAPI_test" finished-at="2021-11-17T22:51:57 EST" duration-ms="358" status="PASS">
          <reporter-output>
          </reporter-output>
        </test-method> <!-- PostAPI_test -->
      </class> <!-- APITest.APITest -->
    </test> <!-- Default test -->
  </suite> <!-- Default suite -->
</testng-results>
